  ****** Beginning of mfile2sci() session ******
  File to convert: ./is_real_matrix.m
  Result file path: C:/Users/Dave/Documents/GitHub/sciDAG/Work_Matlab/Work_Matlab_Initial_Translated/
  Recursive mode: OFF
  Only double values used in M-file: YES
  Verbose mode: 3
  Generate formated code: NO
  M-file reading...
  M-file reading: Done
  Syntax modification...
  Syntax modification: Done
  Macro to tree conversion...
  Conversion of M-tree...
  !! L.36: Unknown function ismatrix not converted, original calling sequence used.
  !! L.40: Matlab function numel not yet converted, original calling sequence used.
  ! L.47: mtlb(resume) can be replaced by resume() or resume whether resume is an M-file or not.
  Conversion of M-tree: Done
  Macro to tree conversion: Done
  Translation may be improved: see the //! comments and for all mtlb_<funname> function call\n  Type help mtlb_<funname> in Scilab command window to get information about improvements.
  Translation may be wrong (see the //!! comments).
  ****** End of mfile2sci() session ******
