  ****** Beginning of mfile2sci() session ******
  File to convert: ./default.m
  Result file path: C:/Users/Dave/Documents/GitHub/sciDAG/Work_Matlab/Work_Matlab_Initial_Translated/
  Recursive mode: OFF
  Only double values used in M-file: YES
  Verbose mode: 3
  Generate formated code: NO
  M-file reading...
  M-file reading: Done
  Syntax modification...
  Syntax modification: Done
  Macro to tree conversion...
  Conversion of M-tree...
  !! L.5: Matlab function sprintf not yet converted, original calling sequence used.
  L.5: (Warning name conflict: function name changed from sprintf to %sprintf).
  !! L.5: Matlab function evalin not yet converted, original calling sequence used.
  ! L.7: mtlb(ERR) can be replaced by ERR() or ERR whether ERR is an M-file or not.
  !! L.8: Matlab function sprintf not yet converted, original calling sequence used.
  L.8: (Warning name conflict: function name changed from sprintf to %sprintf).
  !! L.8: Matlab function evalin not yet converted, original calling sequence used.
  Conversion of M-tree: Done
  Macro to tree conversion: Done
  Translation may be improved: see the //! comments and for all mtlb_<funname> function call\n  Type help mtlb_<funname> in Scilab command window to get information about improvements.
  Translation may be wrong (see the //!! comments).
  ****** End of mfile2sci() session ******
