  ****** Beginning of mfile2sci() session ******
  File to convert: ./lti_vg_b.m
  Result file path: C:/Users/Dave/Documents/GitHub/sciDAG/Work_Matlab/Work_Matlab_Initial_Translated/
  Recursive mode: OFF
  Only double values used in M-file: YES
  Verbose mode: 3
  Generate formated code: NO
  M-file reading...
  M-file reading: Done
  Syntax modification...
  Syntax modification: Done
  Macro to tree conversion...
  Conversion of M-tree...
  ! L.112: mtlb(resume) can be replaced by resume() or resume whether resume is an M-file or not.
  !! L.114: Unknown function lti_fourehsv_b not converted, original calling sequence used.
  !! L.117: Unknown function lti_summer not converted, original calling sequence used.
  !! L.120: Unknown function lti_summer not converted, original calling sequence used.
  !! L.123: Unknown function lti_summer not converted, original calling sequence used.
  !! L.124: Unknown function lti_splitter not converted, original calling sequence used.
  !! L.125: Unknown function lti_summer not converted, original calling sequence used.
