  ****** Beginning of mfile2sci() session ******
  File to convert: ./lti_fake_vg_b.m
  Result file path: C:/Users/Dave/Documents/GitHub/sciDAG/Work_Matlab/Work_Matlab_Initial_Translated/
  Recursive mode: OFF
  Only double values used in M-file: YES
  Verbose mode: 3
  Generate formated code: NO
  M-file reading...
  M-file reading: Done
  Syntax modification...
  Syntax modification: Done
  Macro to tree conversion...
  Conversion of M-tree...
  !! L.58: Unknown function m_valve_a not converted, original calling sequence used.
  !! L.60: Unknown function dor_aptow not converted, original calling sequence used.
  !! L.61: Matlab function summer not yet converted, original calling sequence used.
  !! L.62: Matlab function summer not yet converted, original calling sequence used.
  !! L.78: Matlab toolbox(es) function connect not converted, original calling sequence used
  Conversion of M-tree: Done
  Macro to tree conversion: Done
  Translation may be wrong (see the //!! comments).
  ****** End of mfile2sci() session ******
