#
# A fatal error has been detected by the Java Runtime Environment:
#
#  EXCEPTION_ACCESS_VIOLATION (0xc0000005) at pc=0x000000006d19e841, pid=13300, tid=16656
#
# JRE version: 6.0_41-b02
# Java VM: Java HotSpot(TM) 64-Bit Server VM (20.14-b01 mixed mode windows-amd64 compressed oops)
# Problematic frame:
# C  [awt.dll+0xfe841]
#
# If you would like to submit a bug report, please visit:
#   http://java.sun.com/webapps/bugreport/crash.jsp
# The crash happened outside the Java Virtual Machine in native code.
# See problematic frame for where to report the bug.
#

---------------  T H R E A D  ---------------

Current thread (0x0000000009acf800):  JavaThread "Swing-Shell" daemon [_thread_in_native, id=16656, stack(0x0000000027c30000,0x0000000027d30000)]

siginfo: ExceptionCode=0xc0000005, reading address 0x0000000000000000

Registers:
RAX=0x0000000000000000, RBX=0x0000000009acf9d0, RCX=0xffffffffffffffff, RDX=0x0000000000000000
RSP=0x0000000027d2f160, RBP=0x0000000027d2f338, RSI=0x00000000eb018198, RDI=0x0000000000000000
R8 =0x00000000001715c0, R9 =0x0000000000008000, R10=0x00007fff1c984ad8, R11=0x0000000027d2d770
R12=0x0000000000000000, R13=0x00000000ecc9ce70, R14=0x0000000027d2f378, R15=0x0000000009acf800
RIP=0x000000006d19e841, EFLAGS=0x0000000000010246

Top of Stack: (sp=0x0000000027d2f160)
0x0000000027d2f160:   0000000027d2f1a0 00000000ee929a88
0x0000000027d2f170:   0000000000000000 00000000ee9296f8
0x0000000027d2f180:   0000000000000000 0000000000000000
0x0000000027d2f190:   0000000027d2f1e8 00007fff1bfc43cc
0x0000000027d2f1a0:   00000000fb451c30 0000000027d2f1a8
0x0000000027d2f1b0:   00000000ee917f12 0000000027d2f218
0x0000000027d2f1c0:   00000000eaed2070 000000006da8d4d1
0x0000000027d2f1d0:   00000000ee917f90 00007fff1bfa9252
0x0000000027d2f1e0:   0000000027d2f210 0000000027d2f260
0x0000000027d2f1f0:   0000000000000000 00000000eb018198
0x0000000027d2f200:   0000000000000000 000000006dab3322
0x0000000027d2f210:   0000000000000048 000000006daacec9
0x0000000027d2f220:   0000000000000000 0000000000000000
0x0000000027d2f230:   0000000000000000 000000006daad399
0x0000000027d2f240:   0000000000000000 000000006daad6bb
0x0000000027d2f250:   0000000009acf800 0000000013cd89c0 

Instructions: (pc=0x000000006d19e841)
0x000000006d19e821:   8b cb 48 03 d7 e8 f5 42 00 00 48 8b f8 eb 2a 48
0x000000006d19e831:   8b 54 24 28 33 c0 48 c7 c1 ff ff ff ff 48 8b fa
0x000000006d19e841:   66 f2 af 48 8b 03 48 f7 d1 44 8d 41 ff 48 8b cb
0x000000006d19e851:   ff 90 18 05 00 00 48 8b f8 83 7c 24 20 00 75 0b 


Register to memory mapping:

RAX=0x0000000000000000 is an unknown value
RBX=0x0000000009acf9d0 is an unknown value
RCX=0xffffffffffffffff is an unknown value
RDX=0x0000000000000000 is an unknown value
RSP=0x0000000027d2f160 is pointing into the stack for thread: 0x0000000009acf800
RBP=0x0000000027d2f338 is pointing into the stack for thread: 0x0000000009acf800
RSI=0x00000000eb018198 is an oop
{instance class} 
 - klass: {other class}
RDI=0x0000000000000000 is an unknown value
R8 =0x00000000001715c0 is an unknown value
R9 =0x0000000000008000 is an unknown value
R10=0x00007fff1c984ad8 is an unknown value
R11=0x0000000027d2d770 is pointing into the stack for thread: 0x0000000009acf800
R12=0x0000000000000000 is an unknown value
R13=0x00000000ecc9ce70 is an oop
{method} 
 - klass: {other class}
R14=0x0000000027d2f378 is pointing into the stack for thread: 0x0000000009acf800
R15=0x0000000009acf800 is a thread


Stack: [0x0000000027c30000,0x0000000027d30000],  sp=0x0000000027d2f160,  free space=1020k
Native frames: (J=compiled Java code, j=interpreted, Vv=VM code, C=native code)
C  [awt.dll+0xfe841]  Java_sun_awt_shell_Win32ShellFolder2_getDisplayNameOf+0x91
j  sun.awt.shell.Win32ShellFolder2.access$800(JJI)Ljava/lang/String;+4
j  sun.awt.shell.Win32ShellFolder2$14.call()Ljava/lang/String;+15
j  sun.awt.shell.Win32ShellFolder2$14.call()Ljava/lang/Object;+1
j  java.util.concurrent.FutureTask$Sync.innerRun()V+30
j  java.util.concurrent.FutureTask.run()V+4
j  java.util.concurrent.ThreadPoolExecutor$Worker.runTask(Ljava/lang/Runnable;)V+66
j  java.util.concurrent.ThreadPoolExecutor$Worker.run()V+33
j  sun.awt.shell.Win32ShellFolderManager2$ComInvoker$3.run()V+7
j  java.lang.Thread.run()V+11
v  ~StubRoutines::call_stub
V  [jvm.dll+0x1eac57]

Java frames: (J=compiled Java code, j=interpreted, Vv=VM code)
j  sun.awt.shell.Win32ShellFolder2.getDisplayNameOf(JJI)Ljava/lang/String;+0
j  sun.awt.shell.Win32ShellFolder2.access$800(JJI)Ljava/lang/String;+4
j  sun.awt.shell.Win32ShellFolder2$14.call()Ljava/lang/String;+15
j  sun.awt.shell.Win32ShellFolder2$14.call()Ljava/lang/Object;+1
j  java.util.concurrent.FutureTask$Sync.innerRun()V+30
j  java.util.concurrent.FutureTask.run()V+4
j  java.util.concurrent.ThreadPoolExecutor$Worker.runTask(Ljava/lang/Runnable;)V+66
j  java.util.concurrent.ThreadPoolExecutor$Worker.run()V+33
j  sun.awt.shell.Win32ShellFolderManager2$ComInvoker$3.run()V+7
j  java.lang.Thread.run()V+11
v  ~StubRoutines::call_stub

---------------  P R O C E S S  ---------------

Java Threads: ( => current thread )
=>0x0000000009acf800 JavaThread "Swing-Shell" daemon [_thread_in_native, id=16656, stack(0x0000000027c30000,0x0000000027d30000)]
  0x0000000009ad3000 JavaThread "Thread-23" [_thread_blocked, id=14440, stack(0x0000000025b60000,0x0000000025c60000)]
  0x0000000009ad0000 JavaThread "SwingWorker-pool-1-thread-7" daemon [_thread_blocked, id=15440, stack(0x000000001d7f0000,0x000000001d8f0000)]
  0x0000000009acc000 JavaThread "pool-2-thread-1" [_thread_blocked, id=16176, stack(0x000000001d0f0000,0x000000001d1f0000)]
  0x0000000009ad1000 JavaThread "Batik CleanerThread" daemon [_thread_blocked, id=15336, stack(0x000000001cff0000,0x000000001d0f0000)]
  0x0000000009ad2800 JavaThread "SwingWorker-pool-1-thread-6" daemon [_thread_blocked, id=16056, stack(0x000000001cef0000,0x000000001cff0000)]
  0x000000001421f800 JavaThread "SwingWorker-pool-1-thread-5" daemon [_thread_blocked, id=7664, stack(0x000000001caf0000,0x000000001cbf0000)]
  0x0000000009aca000 JavaThread "SwingWorker-pool-1-thread-4" daemon [_thread_blocked, id=16156, stack(0x000000001c8f0000,0x000000001c9f0000)]
  0x00000000097aa000 JavaThread "SwingWorker-pool-1-thread-3" daemon [_thread_blocked, id=15424, stack(0x000000001c6f0000,0x000000001c7f0000)]
  0x0000000014123800 JavaThread "SwingWorker-pool-1-thread-2" daemon [_thread_blocked, id=8100, stack(0x000000001c4f0000,0x000000001c5f0000)]
  0x0000000014123000 JavaThread "SwingWorker-pool-1-thread-1" daemon [_thread_blocked, id=16808, stack(0x000000001c1f0000,0x000000001c2f0000)]
  0x00000000134c0800 JavaThread "D3D Screen Updater" daemon [_thread_blocked, id=13480, stack(0x0000000016150000,0x0000000016250000)]
  0x0000000012861800 JavaThread "TimerQueue" daemon [_thread_blocked, id=520, stack(0x00000000136f0000,0x00000000137f0000)]
  0x000000000943a800 JavaThread "AWT-EventQueue-0" [_thread_blocked, id=9536, stack(0x0000000012520000,0x0000000012620000)]
  0x0000000009439000 JavaThread "AWT-Shutdown" [_thread_blocked, id=16944, stack(0x0000000012420000,0x0000000012520000)]
  0x0000000009584800 JavaThread "main-SharedResourceRunner" daemon [_thread_blocked, id=9712, stack(0x0000000011c20000,0x0000000011d20000)]
  0x0000000009439800 JavaThread "AWT-Windows" daemon [_thread_in_native, id=1292, stack(0x000000000a120000,0x000000000a220000)]
  0x00000000093b9000 JavaThread "Java2D Disposer" daemon [_thread_blocked, id=5872, stack(0x0000000009f20000,0x000000000a020000)]
  0x000000000448d800 JavaThread "Low Memory Detector" daemon [_thread_blocked, id=16012, stack(0x0000000008fa0000,0x00000000090a0000)]
  0x0000000004486000 JavaThread "C2 CompilerThread1" daemon [_thread_blocked, id=7184, stack(0x0000000008ea0000,0x0000000008fa0000)]
  0x0000000004484000 JavaThread "C2 CompilerThread0" daemon [_thread_blocked, id=1168, stack(0x0000000008da0000,0x0000000008ea0000)]
  0x000000000447f000 JavaThread "Attach Listener" daemon [_thread_blocked, id=8584, stack(0x0000000008ca0000,0x0000000008da0000)]
  0x0000000004467000 JavaThread "Finalizer" daemon [_thread_blocked, id=14284, stack(0x00000000089a0000,0x0000000008aa0000)]
  0x0000000004466000 JavaThread "Reference Handler" daemon [_thread_blocked, id=656, stack(0x00000000088a0000,0x00000000089a0000)]
  0x0000000003b1d000 JavaThread "main" [_thread_in_native, id=2752, stack(0x0000000000050000,0x0000000000150000)]

Other Threads:
  0x000000000445f800 VMThread [stack: 0x00000000087a0000,0x00000000088a0000] [id=2160]
  0x0000000004498000 WatcherThread [stack: 0x00000000090a0000,0x00000000091a0000] [id=1496]

VM state:not at safepoint (normal execution)

VM Mutex/Monitor currently owned by a thread: None

Heap
 PSYoungGen      total 25536K, used 12669K [0x00000000faab0000, 0x00000000fd6e0000, 0x0000000100000000)
  eden space 22720K, 43% used [0x00000000faab0000,0x00000000fb45aa80,0x00000000fc0e0000)
  from space 2816K, 98% used [0x00000000fc120000,0x00000000fc3d4b48,0x00000000fc3e0000)
  to   space 11264K, 0% used [0x00000000fcbe0000,0x00000000fcbe0000,0x00000000fd6e0000)
 PSOldGen        total 109504K, used 37762K [0x00000000f0000000, 0x00000000f6af0000, 0x00000000faab0000)
  object space 109504K, 34% used [0x00000000f0000000,0x00000000f24e0b10,0x00000000f6af0000)
 PSPermGen       total 83968K, used 61927K [0x00000000eae00000, 0x00000000f0000000, 0x00000000f0000000)
  object space 83968K, 73% used [0x00000000eae00000,0x00000000eea79e60,0x00000000f0000000)

Code Cache  [0x00000000044a0000, 0x0000000004b10000, 0x00000000074a0000)
 total_blobs=2608 nmethods=1590 adapters=967 free_code_cache=43768640 largest_free_block=42176

Dynamic libraries:
0x0000000140000000 - 0x00000001400e2000 	C:\Program Files\scilab-5.5.2\bin\WScilex.exe
0x00007fff1f790000 - 0x00007fff1f971000 	C:\WINDOWS\SYSTEM32\ntdll.dll
0x00007fff1d350000 - 0x00007fff1d402000 	C:\WINDOWS\System32\KERNEL32.DLL
0x00007fff1bf70000 - 0x00007fff1c1e3000 	C:\WINDOWS\System32\KERNELBASE.dll
0x00007fff1f570000 - 0x00007fff1f700000 	C:\WINDOWS\System32\USER32.dll
0x00007fff1bea0000 - 0x00007fff1bec0000 	C:\WINDOWS\System32\win32u.dll
0x00007fff1efc0000 - 0x00007fff1efe8000 	C:\WINDOWS\System32\GDI32.dll
0x00007fff1c1f0000 - 0x00007fff1c382000 	C:\WINDOWS\System32\gdi32full.dll
0x00007fff1cb80000 - 0x00007fff1cc1f000 	C:\WINDOWS\System32\msvcp_win.dll
0x00007fff1bda0000 - 0x00007fff1be9a000 	C:\WINDOWS\System32\ucrtbase.dll
0x00007fff06a30000 - 0x00007fff06b04000 	C:\Program Files\scilab-5.5.2\bin\MSVCR110.dll
0x0000000180000000 - 0x0000000180007000 	C:\Program Files\scilab-5.5.2\bin\GetWindowsVersion.dll
0x00007fff1d320000 - 0x00007fff1d34d000 	C:\WINDOWS\System32\IMM32.DLL
0x00000000001b0000 - 0x00000000001ce000 	C:\Program Files\scilab-5.5.2\bin\scilab_windows.DLL
0x00007fff1d8e0000 - 0x00007fff1d9cd000 	C:\WINDOWS\System32\COMDLG32.dll
0x00007fff1d9d0000 - 0x00007fff1da6e000 	C:\WINDOWS\System32\msvcrt.dll
0x00007fff1ce70000 - 0x00007fff1d193000 	C:\WINDOWS\System32\combase.dll
0x00007fff1eff0000 - 0x00007fff1f114000 	C:\WINDOWS\System32\RPCRT4.dll
0x00007fff1c390000 - 0x00007fff1c40a000 	C:\WINDOWS\System32\bcryptPrimitives.dll
0x00007fff1cd30000 - 0x00007fff1cdd9000 	C:\WINDOWS\System32\shcore.dll
0x00007fff1ccd0000 - 0x00007fff1cd21000 	C:\WINDOWS\System32\SHLWAPI.dll
0x00007fff1db80000 - 0x00007fff1efbf000 	C:\WINDOWS\System32\SHELL32.dll
0x00007fff13980000 - 0x00007fff13a27000 	C:\WINDOWS\WinSxS\amd64_microsoft.windows.common-controls_6595b64144ccf1df_5.82.17134.345_none_f95245bf3095c4c9\COMCTL32.dll
0x00007fff1bd50000 - 0x00007fff1bd99000 	C:\WINDOWS\System32\cfgmgr32.dll
0x00007fff1cc20000 - 0x00007fff1ccc1000 	C:\WINDOWS\System32\ADVAPI32.dll
0x00007fff1c410000 - 0x00007fff1cb1d000 	C:\WINDOWS\System32\windows.storage.dll
0x00007fff1f700000 - 0x00007fff1f75b000 	C:\WINDOWS\System32\sechost.dll
0x00007fff1bb40000 - 0x00007fff1bb51000 	C:\WINDOWS\System32\kernel.appcore.dll
0x00007fff1bab0000 - 0x00007fff1bacf000 	C:\WINDOWS\System32\profapi.dll
0x00007fff1bad0000 - 0x00007fff1bb1c000 	C:\WINDOWS\System32\powrprof.dll
0x00007fff1baa0000 - 0x00007fff1baaa000 	C:\WINDOWS\System32\FLTLIB.DLL
0x00007fff13a30000 - 0x00007fff13bca000 	C:\WINDOWS\WinSxS\amd64_microsoft.windows.gdiplus_6595b64144ccf1df_1.1.17134.345_none_2c2d8d3e8af7dd26\gdiplus.dll
0x00007fff06c40000 - 0x00007fff06ce7000 	C:\Program Files\scilab-5.5.2\bin\MSVCP110.dll
0x0000000002110000 - 0x00000000022aa000 	C:\Program Files\scilab-5.5.2\bin\core.dll
0x00000000022b0000 - 0x0000000002380000 	C:\Program Files\scilab-5.5.2\bin\scigui.dll
0x00000000001d0000 - 0x00000000001e2000 	C:\Program Files\scilab-5.5.2\bin\scilocalization.dll
0x00000000004d0000 - 0x000000000050d000 	C:\Program Files\scilab-5.5.2\bin\fileio.dll
0x0000000000510000 - 0x000000000055d000 	C:\Program Files\scilab-5.5.2\bin\output_stream.dll
0x00007fff1d480000 - 0x00007fff1d542000 	C:\WINDOWS\System32\OLEAUT32.dll
0x0000000002380000 - 0x00000000023ac000 	C:\Program Files\scilab-5.5.2\bin\string.dll
0x00000000001f0000 - 0x0000000000200000 	C:\Program Files\scilab-5.5.2\bin\windows_tools.dll
0x00000000023b0000 - 0x00000000023c3000 	C:\Program Files\scilab-5.5.2\bin\libintl.dll
0x00007fff1d710000 - 0x00007fff1d861000 	C:\WINDOWS\System32\ole32.dll
0x00007ffef0800000 - 0x00007ffef094a000 	C:\Program Files\scilab-5.5.2\bin\libxml2.dll
0x00007ffec1d60000 - 0x00007ffec2bc8000 	C:\Program Files\scilab-5.5.2\bin\blasplus.dll
0x00007ffec0940000 - 0x00007ffec1d55000 	C:\Program Files\scilab-5.5.2\bin\lapack.dll
0x00007fff069d0000 - 0x00007fff06a28000 	C:\Program Files\scilab-5.5.2\bin\core_f.dll
0x00007fff06970000 - 0x00007fff069c4000 	C:\Program Files\scilab-5.5.2\bin\elementary_functions_f.dll
0x00007fff130b0000 - 0x00007fff130c6000 	C:\Program Files\scilab-5.5.2\bin\linpack_f.dll
0x00007fff17220000 - 0x00007fff1723d000 	C:\Program Files\scilab-5.5.2\bin\output_stream_f.dll
0x00007fff07a60000 - 0x00007fff07aae000 	C:\Program Files\scilab-5.5.2\bin\libcurl.dll
0x00007fff179e0000 - 0x00007fff179ec000 	C:\Program Files\scilab-5.5.2\bin\string_f.dll
0x00007fff1db10000 - 0x00007fff1db7c000 	C:\WINDOWS\System32\WS2_32.dll
0x00007fff1d410000 - 0x00007fff1d46f000 	C:\WINDOWS\System32\WLDAP32.dll
0x00007fff112d0000 - 0x00007fff1130d000 	C:\Program Files\scilab-5.5.2\bin\pcre.dll
0x00007fff1d8d0000 - 0x00007fff1d8d8000 	C:\WINDOWS\System32\Normaliz.dll
0x00007fff19820000 - 0x00007fff19843000 	C:\WINDOWS\SYSTEM32\WINMM.dll
0x00007fff11010000 - 0x00007fff11019000 	C:\WINDOWS\SYSTEM32\WSOCK32.dll
0x00007fff0e790000 - 0x00007fff0e7a7000 	C:\Program Files\scilab-5.5.2\bin\zlib1.dll
0x00007fff11160000 - 0x00007fff11177000 	C:\Program Files\scilab-5.5.2\bin\data_structures_f.dll
0x00007fff06930000 - 0x00007fff0696d000 	C:\Program Files\scilab-5.5.2\bin\polynomials_f.dll
0x00007fff0fcf0000 - 0x00007fff0fd04000 	C:\Program Files\scilab-5.5.2\bin\integer_f.dll
0x00007fff067a0000 - 0x00007fff067f7000 	C:\Program Files\scilab-5.5.2\bin\sparse_f.dll
0x00007fff17210000 - 0x00007fff1721c000 	C:\Program Files\scilab-5.5.2\bin\boolean_f.dll
0x00007fff11650000 - 0x00007fff1166e000 	C:\Program Files\scilab-5.5.2\bin\io_f.dll
0x00007fff06860000 - 0x00007fff068a4000 	C:\Program Files\scilab-5.5.2\bin\cacsd_f.dll
0x00007fff169a0000 - 0x00007fff169ac000 	C:\Program Files\scilab-5.5.2\bin\eispack_f.dll
0x00007fff06620000 - 0x00007fff06678000 	C:\Program Files\scilab-5.5.2\bin\slatec_f.dll
0x0000000060750000 - 0x0000000060821000 	C:\Program Files\scilab-5.5.2\bin\MSVCR100.dll
0x00007fff19650000 - 0x00007fff1967a000 	C:\WINDOWS\SYSTEM32\winmmbase.dll
0x00007ffef0450000 - 0x00007ffef054b000 	C:\Program Files\scilab-5.5.2\bin\slicot_f.dll
0x00007ffef0350000 - 0x00007ffef044f000 	C:\Program Files\scilab-5.5.2\bin\differential_equations_f.dll
0x00007fff06900000 - 0x00007fff0692d000 	C:\Program Files\scilab-5.5.2\bin\linear_algebra_f.dll
0x00000000025b0000 - 0x0000000002652000 	C:\Program Files\scilab-5.5.2\bin\api_scilab.dll
0x0000000002510000 - 0x0000000002529000 	C:\Program Files\scilab-5.5.2\bin\cacsd.dll
0x0000000002530000 - 0x000000000254c000 	C:\Program Files\scilab-5.5.2\bin\boolean.dll
0x0000000002550000 - 0x000000000256e000 	C:\Program Files\scilab-5.5.2\bin\scicompletion.dll
0x0000000002570000 - 0x000000000257a000 	C:\Program Files\scilab-5.5.2\bin\call_scilab.dll
0x0000000002660000 - 0x0000000002691000 	C:\Program Files\scilab-5.5.2\bin\sciconsole.dll
0x00000000026a0000 - 0x000000000272f000 	C:\Program Files\scilab-5.5.2\bin\dynamic_link.dll
0x0000000002590000 - 0x000000000259d000 	C:\Program Files\scilab-5.5.2\bin\differential_equations.dll
0x0000000002580000 - 0x000000000258e000 	C:\Program Files\scilab-5.5.2\bin\data_structures.dll
0x0000000002730000 - 0x000000000274f000 	C:\Program Files\scilab-5.5.2\bin\elementary_functions.dll
0x0000000002750000 - 0x0000000002777000 	C:\Program Files\scilab-5.5.2\bin\fftw.dll
0x0000000002780000 - 0x00000000027d0000 	C:\Program Files\scilab-5.5.2\bin\external_objects.dll
0x00000000027d0000 - 0x000000000286c000 	C:\Program Files\scilab-5.5.2\bin\graphics.dll
0x0000000002870000 - 0x00000000029a5000 	C:\Program Files\scilab-5.5.2\bin\hdf5.dll
0x00000000029b0000 - 0x00000000029da000 	C:\Program Files\scilab-5.5.2\bin\scihistory_manager.dll
0x00000000029e0000 - 0x00000000029e8000 	C:\Program Files\scilab-5.5.2\bin\intersci.dll
0x00000000029f0000 - 0x0000000002a3d000 	C:\Program Files\scilab-5.5.2\bin\integer.dll
0x0000000002a40000 - 0x0000000002a53000 	C:\Program Files\scilab-5.5.2\bin\linear_algebra.dll
0x0000000002a60000 - 0x0000000002a7f000 	C:\Program Files\scilab-5.5.2\bin\io.dll
0x0000000002a80000 - 0x0000000002a8e000 	C:\Program Files\scilab-5.5.2\bin\libjvm.dll
0x0000000002a90000 - 0x0000000002aa2000 	C:\Program Files\scilab-5.5.2\bin\sparse.dll
0x0000000002ab0000 - 0x0000000002ad3000 	C:\Program Files\scilab-5.5.2\bin\preferences.dll
0x0000000002ae0000 - 0x0000000002ae8000 	C:\Program Files\scilab-5.5.2\bin\polynomials.dll
0x0000000002af0000 - 0x0000000002afd000 	C:\Program Files\scilab-5.5.2\bin\time.dll
0x0000000002b00000 - 0x0000000002e41000 	C:\Program Files\scilab-5.5.2\bin\libmmd.dll
0x0000000002e50000 - 0x0000000002e7f000 	C:\Program Files\scilab-5.5.2\bin\scicommons.dll
0x0000000002e80000 - 0x0000000002f16000 	C:\Program Files\scilab-5.5.2\bin\scigraphic_objects.dll
0x0000000002f20000 - 0x00000000035f6000 	C:\Program Files\scilab-5.5.2\bin\svml_dispmd.dll
0x0000000003600000 - 0x000000000360c000 	C:\Program Files\scilab-5.5.2\bin\functions.dll
0x0000000003610000 - 0x000000000378c000 	C:\Program Files\scilab-5.5.2\bin\libifcoremd.dll
0x0000000003790000 - 0x00000000038dc000 	C:\Program Files\scilab-5.5.2\bin\libiomp5md.dll
0x00007fff1d550000 - 0x00007fff1d56d000 	C:\WINDOWS\System32\imagehlp.dll
0x00000000038e0000 - 0x00000000038f7000 	C:\Program Files\scilab-5.5.2\bin\double.dll
0x00007fff13580000 - 0x00007fff13590000 	C:\Program Files\scilab-5.5.2\bin\dynamic_link_f.dll
0x00007fff0d1f0000 - 0x00007fff0d3b9000 	C:\WINDOWS\SYSTEM32\dbghelp.dll
0x00007ffede740000 - 0x00007ffede9e2000 	C:\Program Files\scilab-5.5.2\bin\hdf5dll.dll
0x00007fff06760000 - 0x00007fff0679a000 	C:\Program Files\scilab-5.5.2\bin\hdf5_hldll.dll
0x00007fff130a0000 - 0x00007fff130a9000 	C:\Program Files\scilab-5.5.2\bin\functions_f.dll
0x00007fff07b10000 - 0x00007fff07b24000 	C:\Program Files\scilab-5.5.2\bin\double_f.dll
0x00007fff07940000 - 0x00007fff0795f000 	C:\Program Files\scilab-5.5.2\bin\zlib.dll
0x00007fff066b0000 - 0x00007fff066d3000 	C:\Program Files\scilab-5.5.2\bin\szip.dll
0x0000000003970000 - 0x00000000039c7000 	C:\Program Files\scilab-5.5.2\bin\sciui_data.dll
0x00000000039d0000 - 0x0000000003a32000 	C:\Program Files\scilab-5.5.2\bin\xml.dll
0x0000000003a40000 - 0x0000000003a6f000 	C:\Program Files\scilab-5.5.2\bin\scirenderer.dll
0x0000000003a70000 - 0x0000000003a92000 	C:\Program Files\scilab-5.5.2\bin\history_browser.dll
0x0000000003c30000 - 0x0000000003d2e000 	C:\Program Files\scilab-5.5.2\bin\gnu_gettext.dll
0x00007fff1a160000 - 0x00007fff1a1f8000 	C:\WINDOWS\system32\uxtheme.dll
0x00007fff1d1a0000 - 0x00007fff1d314000 	C:\WINDOWS\System32\MSCTF.dll
0x00007fff1a230000 - 0x00007fff1a259000 	C:\WINDOWS\system32\dwmapi.dll
0x000000006d8c0000 - 0x000000006e07c000 	C:\PROGRA~1\SCILAB~1.2\java\jre\bin\server\jvm.dll
0x000000006d830000 - 0x000000006d83e000 	C:\PROGRA~1\SCILAB~1.2\java\jre\bin\verify.dll
0x000000006d450000 - 0x000000006d477000 	C:\PROGRA~1\SCILAB~1.2\java\jre\bin\java.dll
0x000000006d880000 - 0x000000006d892000 	C:\PROGRA~1\SCILAB~1.2\java\jre\bin\zip.dll
0x000000006d0a0000 - 0x000000006d264000 	C:\Program Files\scilab-5.5.2\java\JRE\bin\awt.dll
0x00007fff134f0000 - 0x00007fff13575000 	C:\WINDOWS\SYSTEM32\WINSPOOL.DRV

VM Arguments:
jvm_args: -Djava.library.path= -Djava.util.logging.config.file=C:/PROGRA~1/SCILAB~1.2/etc/logging.properties -Djava.compiler=JIT -Xmx256m -Xrs -Djogamp.gluegen.UseTempJarCache=false 
java_command: <unknown>
Launcher Type: generic

Environment Variables:
PATH=C:\WINDOWS\system32;C:\WINDOWS;C:\WINDOWS\System32\Wbem;C:\WINDOWS\System32\WindowsPowerShell\v1.0\;C:\Program Files (x86)\NVIDIA Corporation\PhysX\Common;C:\WINDOWS\system32;C:\WINDOWS;C:\WINDOWS\System32\Wbem;C:\WINDOWS\System32\WindowsPowerShell\v1.0\;C:\WINDOWS\System32\OpenSSH\;C:\Program Files\Git\cmd;C:\Program Files\Microsoft VS Code\bin;C:\Program Files\Microsoft SQL Server\110\Tools\Binn\;C:\Program Files (x86)\Microsoft SDKs\TypeScript\1.0\;C:\Program Files\Microsoft SQL Server\120\Tools\Binn\;C:\Users\Dave\AppData\Local\Programs\Python\Python37\Scripts\;C:\Users\Dave\AppData\Local\Programs\Python\Python37\;C:\Users\Dave\AppData\Local\Microsoft\WindowsApps;C:\Users\Dave\AppData\Local\GitHubDesktop\bin;C:\Program Files\scilab-5.5.2\bin;
USERNAME=Dave
OS=Windows_NT
PROCESSOR_IDENTIFIER=Intel64 Family 6 Model 60 Stepping 3, GenuineIntel



---------------  S Y S T E M  ---------------

OS: Windows 8 , 64 bit Build 9200 

CPU:total 8 (4 cores per cpu, 2 threads per core) family 6 model 60 stepping 3, cmov, cx8, fxsr, mmx, sse, sse2, sse3, ssse3, sse4.1, sse4.2, popcnt, ht

Memory: 4k page, physical 16729580k(10217572k free), swap 23807468k(14134516k free)

vm_info: Java HotSpot(TM) 64-Bit Server VM (20.14-b01) for windows-amd64 JRE (1.6.0_41-b02), built on Feb  8 2013 01:00:58 by "java_re" with MS VC++ 8.0 (VS2005)

time: Tue Dec 18 03:55:17 2018
elapsed time: 1080 seconds

